21-07-2014 07:07:17 DEBUG Loading for class Index
21-07-2014 07:07:17 DEBUG Loading for class EZYController
21-07-2014 07:07:17 DEBUG Loading for class EZYValidate
21-07-2014 07:07:17 DEBUG SHOW VIEW : ClassIndex
21-07-2014 07:07:17 DEBUG in Main
21-07-2014 07:07:17 DEBUG Loading for class User
21-07-2014 07:07:17 DEBUG Loading for class EZYModel
21-07-2014 07:07:17 DEBUG Loading for class EZYQueryBuilder
21-07-2014 11:07:17 DEBUG Loading for class Index
21-07-2014 11:07:17 DEBUG Loading for class EZYController
21-07-2014 11:07:17 DEBUG Loading for class EZYValidate
21-07-2014 11:07:17 DEBUG SHOW VIEW : ClassIndex
21-07-2014 11:07:17 DEBUG in Main
21-07-2014 11:07:17 DEBUG Loading for class User
21-07-2014 11:07:17 DEBUG Loading for class EZYModel
21-07-2014 11:07:17 DEBUG Loading for class EZYQueryBuilder
21-07-2014 11:07:38 DEBUG Loading for class Index
21-07-2014 11:07:38 DEBUG Loading for class EZYController
21-07-2014 11:07:38 DEBUG Loading for class EZYValidate
21-07-2014 11:07:38 DEBUG SHOW VIEW : ClassIndex
21-07-2014 11:07:38 DEBUG in Main
21-07-2014 11:07:38 DEBUG Loading for class User
21-07-2014 11:07:38 DEBUG Loading for class EZYModel
21-07-2014 11:07:38 DEBUG Loading for class EZYQueryBuilder
21-07-2014 11:07:08 DEBUG Loading for class Index
21-07-2014 11:07:08 DEBUG Loading for class EZYController
21-07-2014 11:07:08 DEBUG Loading for class EZYValidate
21-07-2014 11:07:08 DEBUG SHOW VIEW : ClassIndex
21-07-2014 11:07:08 DEBUG in Main
21-07-2014 11:07:08 DEBUG Loading for class User
21-07-2014 11:07:08 DEBUG Loading for class EZYModel
21-07-2014 11:07:08 DEBUG Loading for class EZYQueryBuilder
21-07-2014 11:07:36 DEBUG Loading for class Index
21-07-2014 11:07:36 DEBUG Loading for class EZYController
21-07-2014 11:07:36 DEBUG Loading for class EZYValidate
21-07-2014 11:07:36 DEBUG SHOW VIEW : ClassIndex
21-07-2014 11:07:36 DEBUG in Main
21-07-2014 11:07:36 DEBUG Loading for class User
21-07-2014 11:07:36 DEBUG Loading for class EZYModel
21-07-2014 11:07:36 DEBUG Loading for class EZYQueryBuilder
21-07-2014 11:07:53 DEBUG Loading for class Index
21-07-2014 11:07:53 DEBUG Loading for class EZYController
21-07-2014 11:07:53 DEBUG Loading for class EZYValidate
21-07-2014 11:07:53 DEBUG SHOW VIEW : ClassIndex
21-07-2014 11:07:53 DEBUG in Main
21-07-2014 11:07:53 DEBUG Loading for class User
21-07-2014 11:07:53 DEBUG Loading for class EZYModel
21-07-2014 11:07:53 DEBUG Loading for class EZYQueryBuilder
21-07-2014 11:07:03 DEBUG Loading for class Index
21-07-2014 11:07:03 DEBUG Loading for class EZYController
21-07-2014 11:07:03 DEBUG Loading for class EZYValidate
21-07-2014 11:07:03 DEBUG SHOW VIEW : ClassIndex
21-07-2014 11:07:03 DEBUG in Main
21-07-2014 11:07:03 DEBUG Loading for class User
21-07-2014 11:07:03 DEBUG Loading for class EZYModel
21-07-2014 11:07:03 DEBUG Loading for class EZYQueryBuilder
21-07-2014 11:07:23 DEBUG Loading for class Index
21-07-2014 11:07:23 DEBUG Loading for class EZYController
21-07-2014 11:07:23 DEBUG Loading for class EZYValidate
21-07-2014 11:07:23 DEBUG SHOW VIEW : ClassIndex
21-07-2014 11:07:23 DEBUG in Main
21-07-2014 11:07:23 DEBUG Loading for class User
21-07-2014 11:07:23 DEBUG Loading for class EZYModel
21-07-2014 11:07:23 DEBUG Loading for class EZYQueryBuilder
21-07-2014 11:07:25 DEBUG Loading for class Index
21-07-2014 11:07:25 DEBUG Loading for class EZYController
21-07-2014 11:07:25 DEBUG Loading for class EZYValidate
21-07-2014 11:07:25 DEBUG SHOW VIEW : ClassIndex
21-07-2014 11:07:25 DEBUG in Main
21-07-2014 11:07:25 DEBUG Loading for class User
21-07-2014 11:07:25 DEBUG Loading for class EZYModel
21-07-2014 11:07:25 DEBUG Loading for class EZYQueryBuilder
21-07-2014 11:07:11 DEBUG Loading for class Index
21-07-2014 11:07:11 DEBUG Loading for class EZYController
21-07-2014 11:07:11 DEBUG Loading for class EZYValidate
21-07-2014 11:07:11 DEBUG SHOW VIEW : ClassIndex
21-07-2014 11:07:11 DEBUG in Main
21-07-2014 11:07:11 DEBUG Loading for class User
21-07-2014 11:07:11 DEBUG Loading for class EZYModel
21-07-2014 11:07:11 DEBUG Loading for class EZYQueryBuilder
21-07-2014 02:07:23 DEBUG Loading for class Index
21-07-2014 02:07:23 DEBUG Loading for class EZYController
21-07-2014 02:07:23 DEBUG Loading for class EZYValidate
21-07-2014 02:07:23 DEBUG SHOW VIEW : ClassIndex
21-07-2014 02:07:23 DEBUG in Main
21-07-2014 02:07:23 DEBUG Loading for class User
21-07-2014 02:07:23 DEBUG Loading for class EZYModel
21-07-2014 02:07:23 DEBUG Loading for class EZYQueryBuilder
21-07-2014 02:07:08 DEBUG Loading for class Index
21-07-2014 02:07:08 DEBUG Loading for class EZYController
21-07-2014 02:07:08 DEBUG Loading for class EZYValidate
21-07-2014 02:07:08 DEBUG SHOW VIEW : ClassIndex
21-07-2014 02:07:08 DEBUG in Main
21-07-2014 02:07:08 DEBUG Loading for class User
21-07-2014 02:07:08 DEBUG Loading for class EZYModel
21-07-2014 02:07:08 DEBUG Loading for class EZYQueryBuilder
21-07-2014 02:07:34 DEBUG Loading for class Index
21-07-2014 02:07:34 DEBUG Loading for class EZYController
21-07-2014 02:07:34 DEBUG Loading for class EZYValidate
21-07-2014 02:07:34 DEBUG SHOW VIEW : ClassIndex
21-07-2014 02:07:34 DEBUG in Main
21-07-2014 02:07:34 DEBUG Loading for class User
21-07-2014 02:07:34 DEBUG Loading for class EZYModel
21-07-2014 02:07:34 DEBUG Loading for class EZYQueryBuilder
21-07-2014 04:07:30 DEBUG Loading for class Index
21-07-2014 04:07:30 DEBUG Loading for class EZYController
21-07-2014 04:07:30 DEBUG Loading for class EZYValidate
21-07-2014 04:07:30 DEBUG SHOW VIEW : ClassIndex
21-07-2014 04:07:30 DEBUG in Main
21-07-2014 04:07:30 DEBUG Loading for class User
21-07-2014 04:07:30 DEBUG Loading for class EZYModel
21-07-2014 04:07:30 DEBUG Loading for class EZYQueryBuilder
21-07-2014 04:07:55 DEBUG Processing Request User-LoginProcess
21-07-2014 04:07:55 DEBUG Processing Request User-LoginProcess SIZE=2
21-07-2014 04:07:55 DUMP Array
(
    [0] => User
    [1] => LoginProcess
)

21-07-2014 04:07:55 DEBUG Loading for class User
21-07-2014 04:07:55 DEBUG Loading for class EZYController
21-07-2014 04:07:55 DEBUG Loading for class EZYValidate
21-07-2014 04:07:55 DEBUG Loading for class EZYModel
21-07-2014 04:07:55 DEBUG Loading for class EZYQueryBuilder
21-07-2014 04:07:55 DEBUG PROCESS VIEW : Calling ClassUser
21-07-2014 04:07:55 DEBUG PROCESS VIEW : Calling FunctionLoginProcess
21-07-2014 04:07:55 DEBUG Loading for class FormValidate
21-07-2014 04:07:55 DEBUG {"UpdateCtrls":[{"Ctrl_Name":"Login-FormError","Ctrl_Value":"Invalid Login Details Provided","Ctrl_Type":10}]}
21-07-2014 04:07:55 TIME:0.0205 Process:User-LoginProcess
