23-07-2014 06:07:42 DEBUG Loading for class Index
23-07-2014 06:07:42 DEBUG Loading for class EZYController
23-07-2014 06:07:42 DEBUG Loading for class EZYValidate
23-07-2014 06:07:42 DEBUG SHOW VIEW : ClassIndex
23-07-2014 06:07:42 DEBUG in Main
23-07-2014 06:07:42 DEBUG Loading for class User
23-07-2014 06:07:42 DEBUG Loading for class EZYModel
23-07-2014 06:07:42 DEBUG Loading for class EZYQueryBuilder
23-07-2014 06:07:12 DEBUG Loading for class Index
23-07-2014 06:07:12 DEBUG Loading for class EZYController
23-07-2014 06:07:12 DEBUG Loading for class EZYValidate
23-07-2014 06:07:12 DEBUG SHOW VIEW : ClassIndex
23-07-2014 06:07:12 DEBUG in Main
23-07-2014 06:07:12 DEBUG Loading for class User
23-07-2014 06:07:12 DEBUG Loading for class EZYModel
23-07-2014 06:07:12 DEBUG Loading for class EZYQueryBuilder
23-07-2014 11:07:36 DEBUG Loading for class Index
23-07-2014 11:07:36 DEBUG Loading for class EZYController
23-07-2014 11:07:36 DEBUG Loading for class EZYValidate
23-07-2014 11:07:36 DEBUG SHOW VIEW : ClassIndex
23-07-2014 11:07:36 DEBUG in Main
23-07-2014 11:07:36 DEBUG Loading for class User
23-07-2014 11:07:36 DEBUG Loading for class EZYModel
23-07-2014 11:07:36 DEBUG Loading for class EZYQueryBuilder
23-07-2014 11:07:18 DEBUG Loading for class Index
23-07-2014 11:07:18 DEBUG Loading for class EZYController
23-07-2014 11:07:18 DEBUG Loading for class EZYValidate
23-07-2014 11:07:18 DEBUG SHOW VIEW : ClassIndex
23-07-2014 11:07:18 DEBUG in Main
23-07-2014 11:07:18 DEBUG Loading for class User
23-07-2014 11:07:18 DEBUG Loading for class EZYModel
23-07-2014 11:07:18 DEBUG Loading for class EZYQueryBuilder
23-07-2014 11:07:19 DEBUG Loading for class Index
23-07-2014 11:07:19 DEBUG Loading for class EZYController
23-07-2014 11:07:19 DEBUG Loading for class EZYValidate
23-07-2014 11:07:19 DEBUG SHOW VIEW : ClassIndex
23-07-2014 11:07:19 DEBUG in Main
23-07-2014 11:07:19 DEBUG Loading for class User
23-07-2014 11:07:19 DEBUG Loading for class EZYModel
23-07-2014 11:07:19 DEBUG Loading for class EZYQueryBuilder
23-07-2014 11:07:48 DEBUG Loading for class Index
23-07-2014 11:07:48 DEBUG Loading for class EZYController
23-07-2014 11:07:48 DEBUG Loading for class EZYValidate
23-07-2014 11:07:48 DEBUG SHOW VIEW : ClassIndex
23-07-2014 11:07:48 DEBUG in Main
23-07-2014 11:07:48 DEBUG Loading for class User
23-07-2014 11:07:48 DEBUG Loading for class EZYModel
23-07-2014 11:07:48 DEBUG Loading for class EZYQueryBuilder
23-07-2014 11:07:38 DEBUG Loading for class Index
23-07-2014 11:07:38 DEBUG Loading for class EZYController
23-07-2014 11:07:38 DEBUG Loading for class EZYValidate
23-07-2014 11:07:38 DEBUG SHOW VIEW : ClassIndex
23-07-2014 11:07:38 DEBUG in Main
23-07-2014 11:07:38 DEBUG Loading for class User
23-07-2014 11:07:38 DEBUG Loading for class EZYModel
23-07-2014 11:07:38 DEBUG Loading for class EZYQueryBuilder
23-07-2014 11:07:19 DEBUG Loading for class Index
23-07-2014 11:07:19 DEBUG Loading for class EZYController
23-07-2014 11:07:19 DEBUG Loading for class EZYValidate
23-07-2014 11:07:19 DEBUG SHOW VIEW : ClassIndex
23-07-2014 11:07:19 DEBUG in Main
23-07-2014 11:07:19 DEBUG Loading for class User
23-07-2014 11:07:19 DEBUG Loading for class EZYModel
23-07-2014 11:07:19 DEBUG Loading for class EZYQueryBuilder
23-07-2014 11:07:24 DEBUG Loading for class Index
23-07-2014 11:07:24 DEBUG Loading for class EZYController
23-07-2014 11:07:24 DEBUG Loading for class EZYValidate
23-07-2014 11:07:24 DEBUG SHOW VIEW : ClassIndex
23-07-2014 11:07:24 DEBUG in Main
23-07-2014 11:07:24 DEBUG Loading for class User
23-07-2014 11:07:24 DEBUG Loading for class EZYModel
23-07-2014 11:07:24 DEBUG Loading for class EZYQueryBuilder
23-07-2014 11:07:25 DEBUG Loading for class Index
23-07-2014 11:07:25 DEBUG Loading for class EZYController
23-07-2014 11:07:25 DEBUG Loading for class EZYValidate
23-07-2014 11:07:25 DEBUG SHOW VIEW : ClassIndex
23-07-2014 11:07:25 DEBUG in Main
23-07-2014 11:07:25 DEBUG Loading for class User
23-07-2014 11:07:25 DEBUG Loading for class EZYModel
23-07-2014 11:07:25 DEBUG Loading for class EZYQueryBuilder
23-07-2014 11:07:27 DEBUG Loading for class Index
23-07-2014 11:07:27 DEBUG Loading for class EZYController
23-07-2014 11:07:27 DEBUG Loading for class EZYValidate
23-07-2014 11:07:27 DEBUG SHOW VIEW : ClassIndex
23-07-2014 11:07:27 DEBUG in Main
23-07-2014 11:07:27 DEBUG Loading for class User
23-07-2014 11:07:27 DEBUG Loading for class EZYModel
23-07-2014 11:07:27 DEBUG Loading for class EZYQueryBuilder
23-07-2014 11:07:54 DEBUG Loading for class Index
23-07-2014 11:07:54 DEBUG Loading for class EZYController
23-07-2014 11:07:54 DEBUG Loading for class EZYValidate
23-07-2014 11:07:54 DEBUG SHOW VIEW : ClassIndex
23-07-2014 11:07:54 DEBUG in Main
23-07-2014 11:07:54 DEBUG Loading for class User
23-07-2014 11:07:54 DEBUG Loading for class EZYModel
23-07-2014 11:07:54 DEBUG Loading for class EZYQueryBuilder
23-07-2014 11:07:30 DEBUG Loading for class Index
23-07-2014 11:07:30 DEBUG Loading for class EZYController
23-07-2014 11:07:30 DEBUG Loading for class EZYValidate
23-07-2014 11:07:30 DEBUG SHOW VIEW : ClassIndex
23-07-2014 11:07:30 DEBUG in Main
23-07-2014 11:07:30 DEBUG Loading for class User
23-07-2014 11:07:30 DEBUG Loading for class EZYModel
23-07-2014 11:07:30 DEBUG Loading for class EZYQueryBuilder
23-07-2014 11:07:07 DEBUG Loading for class Index
23-07-2014 11:07:07 DEBUG Loading for class EZYController
23-07-2014 11:07:07 DEBUG Loading for class EZYValidate
23-07-2014 11:07:07 DEBUG SHOW VIEW : ClassIndex
23-07-2014 11:07:07 DEBUG in Main
23-07-2014 11:07:07 DEBUG Loading for class User
23-07-2014 11:07:07 DEBUG Loading for class EZYModel
23-07-2014 11:07:07 DEBUG Loading for class EZYQueryBuilder
23-07-2014 11:07:56 DEBUG Loading for class Index
23-07-2014 11:07:56 DEBUG Loading for class EZYController
23-07-2014 11:07:56 DEBUG Loading for class EZYValidate
23-07-2014 11:07:56 DEBUG SHOW VIEW : ClassIndex
23-07-2014 11:07:56 DEBUG in Main
23-07-2014 11:07:56 DEBUG Loading for class User
23-07-2014 11:07:56 DEBUG Loading for class EZYModel
23-07-2014 11:07:56 DEBUG Loading for class EZYQueryBuilder
23-07-2014 12:07:18 DEBUG Loading for class Index
23-07-2014 12:07:18 DEBUG Loading for class EZYController
23-07-2014 12:07:18 DEBUG Loading for class EZYValidate
23-07-2014 12:07:18 DEBUG SHOW VIEW : ClassIndex
23-07-2014 12:07:18 DEBUG in Main
23-07-2014 12:07:18 DEBUG Loading for class User
23-07-2014 12:07:18 DEBUG Loading for class EZYModel
23-07-2014 12:07:18 DEBUG Loading for class EZYQueryBuilder
23-07-2014 12:07:19 DEBUG Loading for class Index
23-07-2014 12:07:19 DEBUG Loading for class EZYController
23-07-2014 12:07:19 DEBUG Loading for class EZYValidate
23-07-2014 12:07:19 DEBUG SHOW VIEW : ClassIndex
23-07-2014 12:07:19 DEBUG in Main
23-07-2014 12:07:19 DEBUG Loading for class User
23-07-2014 12:07:19 DEBUG Loading for class EZYModel
23-07-2014 12:07:19 DEBUG Loading for class EZYQueryBuilder
