03-10-2014 05:10:19 DEBUG Loading for class Index
03-10-2014 05:10:19 DEBUG Loading for class EZYController
03-10-2014 05:10:19 DEBUG Loading for class EZYValidate
03-10-2014 05:10:19 DEBUG SHOW VIEW : ClassIndex
03-10-2014 05:10:19 DEBUG in Main
03-10-2014 05:10:19 DEBUG Loading for class User
03-10-2014 05:10:19 DEBUG Loading for class EZYModel
03-10-2014 05:10:19 DEBUG Loading for class EZYQueryBuilder
03-10-2014 06:10:33 DEBUG Loading for class Index
03-10-2014 06:10:33 DEBUG Loading for class EZYController
03-10-2014 06:10:33 DEBUG Loading for class EZYValidate
03-10-2014 06:10:33 DEBUG SHOW VIEW : ClassIndex
03-10-2014 06:10:33 DEBUG in Main
03-10-2014 06:10:33 DEBUG Loading for class User
03-10-2014 06:10:33 DEBUG Loading for class EZYModel
03-10-2014 06:10:33 DEBUG Loading for class EZYQueryBuilder
03-10-2014 07:10:09 DEBUG Loading for class Index
03-10-2014 07:10:09 DEBUG Loading for class EZYController
03-10-2014 07:10:09 DEBUG Loading for class EZYValidate
03-10-2014 07:10:09 DEBUG SHOW VIEW : ClassIndex
03-10-2014 07:10:09 DEBUG in Main
03-10-2014 07:10:09 DEBUG Loading for class User
03-10-2014 07:10:09 DEBUG Loading for class EZYModel
03-10-2014 07:10:09 DEBUG Loading for class EZYQueryBuilder
