23-10-2014 12:10:00 DEBUG Loading for class Index
23-10-2014 12:10:00 DEBUG Loading for class EZYController
23-10-2014 12:10:00 DEBUG Loading for class EZYValidate
23-10-2014 12:10:00 DEBUG SHOW VIEW : ClassIndex
23-10-2014 12:10:00 DEBUG in Main
23-10-2014 12:10:51 DEBUG Loading for class Index
23-10-2014 12:10:51 DEBUG Loading for class EZYController
23-10-2014 12:10:51 DEBUG Loading for class EZYValidate
23-10-2014 12:10:51 DEBUG SHOW VIEW : ClassIndex
23-10-2014 12:10:51 DEBUG in Main
23-10-2014 12:10:03 DEBUG Loading for class Index
23-10-2014 12:10:03 DEBUG Loading for class EZYController
23-10-2014 12:10:03 DEBUG Loading for class EZYValidate
23-10-2014 12:10:03 DEBUG SHOW VIEW : ClassIndex
23-10-2014 12:10:03 DEBUG in Main
23-10-2014 12:10:24 DEBUG Loading for class Index
23-10-2014 12:10:24 DEBUG Loading for class EZYController
23-10-2014 12:10:24 DEBUG Loading for class EZYValidate
23-10-2014 12:10:24 DEBUG SHOW VIEW : ClassIndex
23-10-2014 12:10:24 DEBUG in Main
23-10-2014 12:10:44 DEBUG Loading for class Index
23-10-2014 12:10:44 DEBUG Loading for class EZYController
23-10-2014 12:10:44 DEBUG Loading for class EZYValidate
23-10-2014 12:10:44 DEBUG SHOW VIEW : ClassIndex
23-10-2014 12:10:44 DEBUG in Main
23-10-2014 03:10:56 DEBUG Loading for class Index
23-10-2014 03:10:56 DEBUG Loading for class EZYController
23-10-2014 03:10:56 DEBUG Loading for class EZYValidate
23-10-2014 03:10:56 DEBUG SHOW VIEW : ClassIndex
23-10-2014 03:10:56 DEBUG in Main
