30-10-2013 10:10:30 DEBUG Loading for class Index
30-10-2013 10:10:31 DEBUG Loading for class EZYController
30-10-2013 10:10:31 DEBUG Loading for class EZYValidate
30-10-2013 10:10:31 DEBUG SHOW VIEW : ClassIndex
30-10-2013 10:10:31 DEBUG in Main
30-10-2013 10:10:31 DEBUG Loading for class User
30-10-2013 10:10:31 DEBUG Loading for class EZYModel
30-10-2013 10:10:32 DEBUG Loading for class EZYQueryBuilder
30-10-2013 10:10:58 DEBUG Processing Request User-LoginProcess
30-10-2013 10:10:58 DEBUG Processing Request User-LoginProcess SIZE=2
30-10-2013 10:10:58 DUMP Array
(
    [0] => User
    [1] => LoginProcess
)

30-10-2013 10:10:58 DEBUG Loading for class User
30-10-2013 10:10:58 DEBUG Loading for class EZYController
30-10-2013 10:10:58 DEBUG Loading for class EZYValidate
30-10-2013 10:10:58 DEBUG Loading for class EZYModel
30-10-2013 10:10:58 DEBUG Loading for class EZYQueryBuilder
30-10-2013 10:10:58 DEBUG PROCESS VIEW : Calling ClassUser
30-10-2013 10:10:58 DEBUG PROCESS VIEW : Calling FunctionLoginProcess
30-10-2013 10:10:58 DEBUG Loading for class FormValidate
30-10-2013 10:10:58 DEBUG Loading for class EZYDBO
30-10-2013 10:10:01 DEBUG {"UpdateCtrls":[{"Ctrl_Name":"","Ctrl_Value":"Dashboard","Ctrl_Type":5}]}
30-10-2013 10:10:01 TIME:2.8750 Process:User-LoginProcess
30-10-2013 10:10:02 DEBUG Processing Request Dashboard
30-10-2013 10:10:02 DEBUG Processing Request Dashboard SIZE=1
30-10-2013 10:10:02 DUMP Array
(
    [0] => Dashboard
)

30-10-2013 10:10:02 DEBUG Loading for class Dashboard
30-10-2013 10:10:02 DEBUG Loading for class EZYController
30-10-2013 10:10:02 DEBUG Loading for class EZYValidate
30-10-2013 10:10:02 DEBUG SHOW VIEW : ClassDashboard
30-10-2013 10:10:02 TIME:0.1212 Process:Dashboard
30-10-2013 10:10:07 DEBUG Processing Request Events
30-10-2013 10:10:07 DEBUG Processing Request Events SIZE=1
30-10-2013 10:10:07 DUMP Array
(
    [0] => Events
)

30-10-2013 10:10:07 DEBUG Loading for class Events
30-10-2013 10:10:07 DEBUG Loading for class EZYController
30-10-2013 10:10:07 DEBUG Loading for class EZYValidate
30-10-2013 10:10:07 DEBUG Loading for class EZYModel
30-10-2013 10:10:07 DEBUG Loading for class EZYQueryBuilder
30-10-2013 10:10:07 DEBUG SHOW VIEW : ClassEvents
30-10-2013 10:10:07 DEBUG Loading for class EZYDBO
30-10-2013 10:10:07 TIME:0.3112 Process:Events
30-10-2013 10:10:12 DEBUG Processing Request Events-OpenEvent-31
30-10-2013 10:10:12 DEBUG Processing Request Events-OpenEvent-31 SIZE=3
30-10-2013 10:10:12 DUMP Array
(
    [0] => Events
    [1] => OpenEvent
    [2] => 31
)

30-10-2013 10:10:12 DEBUG Loading for class Events
30-10-2013 10:10:12 DEBUG Loading for class EZYController
30-10-2013 10:10:12 DEBUG Loading for class EZYValidate
30-10-2013 10:10:12 DEBUG Loading for class EZYModel
30-10-2013 10:10:12 DEBUG Loading for class EZYQueryBuilder
30-10-2013 10:10:12 DEBUG PROCESS VIEW : Calling ClassEvents
30-10-2013 10:10:12 DEBUG PROCESS VIEW : Calling FunctionOpenEvent
30-10-2013 10:10:12 DEBUG {"UpdateCtrls":[{"Ctrl_Name":"","Ctrl_Value":"Visitor","Ctrl_Type":5}]}
30-10-2013 10:10:12 TIME:0.0049 Process:Events-OpenEvent-31
30-10-2013 10:10:13 DEBUG Processing Request Visitor
30-10-2013 10:10:13 DEBUG Processing Request Visitor SIZE=1
30-10-2013 10:10:13 DUMP Array
(
    [0] => Visitor
)

30-10-2013 10:10:13 DEBUG Loading for class Visitor
30-10-2013 10:10:13 DEBUG Loading for class EZYController
30-10-2013 10:10:13 DEBUG Loading for class EZYValidate
30-10-2013 10:10:13 DEBUG Loading for class EZYModel
30-10-2013 10:10:13 DEBUG Loading for class EZYQueryBuilder
30-10-2013 10:10:13 DEBUG SHOW VIEW : ClassVisitor
30-10-2013 10:10:13 DEBUG Loading for class EZYDBO
30-10-2013 10:10:13 DEBUG Loading for class Address
30-10-2013 10:10:14 DEBUG Loading for class Masters
30-10-2013 10:10:14 TIME:0.6653 Process:Visitor
30-10-2013 10:10:32 DEBUG Processing Request Visitor-LoadVisitorForm
30-10-2013 10:10:32 DEBUG Processing Request Visitor-LoadVisitorForm SIZE=2
30-10-2013 10:10:32 DUMP Array
(
    [0] => Visitor
    [1] => LoadVisitorForm
)

30-10-2013 10:10:32 DEBUG Loading for class Visitor
30-10-2013 10:10:32 DEBUG Loading for class EZYController
30-10-2013 10:10:32 DEBUG Loading for class EZYValidate
30-10-2013 10:10:32 DEBUG Loading for class EZYModel
30-10-2013 10:10:32 DEBUG Loading for class EZYQueryBuilder
30-10-2013 10:10:32 DEBUG PROCESS VIEW : Calling ClassVisitor
30-10-2013 10:10:32 DEBUG PROCESS VIEW : Calling FunctionLoadVisitorForm
30-10-2013 10:10:32 DEBUG {"UpdateCtrls":[{"Ctrl_Name":"FName","Ctrl_Value":"focus","Ctrl_Type":14}]}
30-10-2013 10:10:32 TIME:0.0205 Process:Visitor-LoadVisitorForm
30-10-2013 10:10:37 DEBUG Processing Request Address-LoadAddress
30-10-2013 10:10:37 DEBUG Processing Request Address-LoadAddress SIZE=2
30-10-2013 10:10:37 DUMP Array
(
    [0] => Address
    [1] => LoadAddress
)

30-10-2013 10:10:37 DEBUG Loading for class Address
30-10-2013 10:10:37 DEBUG Loading for class EZYController
30-10-2013 10:10:37 DEBUG Loading for class EZYValidate
30-10-2013 10:10:37 DEBUG Loading for class EZYModel
30-10-2013 10:10:37 DEBUG Loading for class EZYQueryBuilder
30-10-2013 10:10:37 DEBUG PROCESS VIEW : Calling ClassAddress
30-10-2013 10:10:37 DEBUG PROCESS VIEW : Calling FunctionLoadAddress
30-10-2013 10:10:37 DEBUG Loading for class EZYDBO
30-10-2013 10:10:38 DEBUG {"UpdateCtrls":[{"Ctrl_Name":"Address1","Ctrl_Value":"focus","Ctrl_Type":14},{"Ctrl_Name":"Location","Ctrl_Value":"disabled","Ctrl_Type":13},{"Ctrl_Name":"Location","Ctrl_Value":"<option value=\"0\" > -- Select -- <\/option><option value=\"1\">Airoli<\/option><option value=\"2\">Ambernath<\/option><option value=\"3\">Ambivali<\/option><option value=\"4\">Amroli<\/option><option value=\"5\">Andheri<\/option><option value=\"6\">Asangaon<\/option><option value=\"7\">Atgaon<\/option><option value=\"8\">Badlapur<\/option><option value=\"9\">Bandra<\/option><option value=\"10\">Belapur<\/option><option value=\"11\">Bhandup<\/option><option value=\"12\">Bhayander<\/option><option value=\"13\">Bhiwandi Road<\/option><option value=\"14\">Boisar<\/option><option value=\"15\">Borivali<\/option><option value=\"16\">Byculla<\/option><option value=\"17\">C.S.T<\/option><option value=\"18\">Chembur<\/option><option value=\"19\">Chinchpokli<\/option><option value=\"20\">Chunabhatti<\/option><option value=\"21\">Churchgate<\/option><option value=\"22\">Cotton Green<\/option><option value=\"23\">Currey Road<\/option><option value=\"24\">Dadar<\/option><option value=\"25\">Dahanu Road<\/option><option value=\"26\">Dahisar<\/option><option value=\"27\">Diva<\/option><option value=\"28\">Dockyard Road<\/option><option value=\"29\">Dombivli<\/option><option value=\"30\">Elphinstone Road<\/option><option value=\"31\">Ghansoli<\/option><option value=\"32\">Ghatkhopar<\/option><option value=\"33\">Goregaon<\/option><option value=\"34\">Govandi<\/option><option value=\"35\">Grant Road<\/option><option value=\"36\">GTB Nagar<\/option><option value=\"37\">Jogeshwari<\/option><option value=\"38\">Jui Nagar<\/option><option value=\"39\">Kalwa<\/option><option value=\"40\">Kalyan<\/option><option value=\"41\">Kandivali<\/option><option value=\"42\">KanjurMarg<\/option><option value=\"43\">Karjat<\/option><option value=\"44\">Kasara<\/option><option value=\"45\">Kelva Road<\/option><option value=\"46\">Khadavli<\/option><option value=\"47\">Khandeshwar<\/option><option value=\"48\">Khar Road<\/option><option value=\"49\">Khardi<\/option><option value=\"50\">Kharghar<\/option><option value=\"51\">Khoparkhairne<\/option><option value=\"52\">Khopoli<\/option><option value=\"53\">King Circle<\/option><option value=\"54\">Kurla<\/option><option value=\"55\">Lower Kopar<\/option><option value=\"56\">Lower Parel<\/option><option value=\"57\">Mahalaxmi<\/option><option value=\"58\">Mahim<\/option><option value=\"59\">Malad<\/option><option value=\"60\">Mankhurd<\/option><option value=\"61\">Marine Lines<\/option><option value=\"62\">Masjid<\/option><option value=\"63\">Matunga<\/option><option value=\"64\">Mira Road<\/option><option value=\"65\">Mulund<\/option><option value=\"66\">Mumbai Central<\/option><option value=\"67\">Mumbra<\/option><option value=\"68\">Nahur<\/option><option value=\"69\">Naigaon<\/option><option value=\"70\">Nallasopara<\/option><option value=\"71\">Nerul<\/option><option value=\"72\">Palghar<\/option><option value=\"73\">Panvel<\/option><option value=\"74\">Parel<\/option><option value=\"75\">Rabale<\/option><option value=\"76\">Roay Road<\/option><option value=\"77\">Sandhurst Road<\/option><option value=\"78\">Sanpada<\/option><option value=\"79\">Santacruz<\/option><option value=\"80\">Sapahale<\/option><option value=\"81\">Seawood<\/option><option value=\"82\">Sewri<\/option><option value=\"83\">Sion<\/option><option value=\"84\">Thakurli<\/option><option value=\"85\">Thane<\/option><option value=\"86\">Tilak Nagar<\/option><option value=\"87\">Titwala<\/option><option value=\"88\">Turbhe<\/option><option value=\"89\">Ulhasnagar<\/option><option value=\"90\">Vaitarna<\/option><option value=\"91\">Vangaon<\/option><option value=\"92\">Vasai Road<\/option><option value=\"93\">Vashi<\/option><option value=\"94\">Vasind<\/option><option value=\"95\">Vidyavihar<\/option><option value=\"96\">Vikhroli<\/option><option value=\"97\">Vile Parle<\/option><option value=\"98\">Virar<\/option><option value=\"99\">Vithalwadi<\/option><option value=\"100\">Wadala<\/option><option value=\"154\">palapura<\/option><option value=\"155\">sai nagar<\/option><option value=\"156\">naya nagar<\/option><option value=\"157\">Nehrul<\/option><option value=\"158\">shanti nagar<\/option><option value=\"159\">lower parel<\/option><option value=\"160\">lokhandavala<\/option><option value=\"161\">Raigad<\/option><option value=\"162\">borivali4<\/option><option value=\"163\">Nehrul<\/option><option value=\"164\"><\/option><option value=\"165\">navin nagar<\/option><option value=\"166\">raidurg<\/option><option value=\"167\">sai nagar<\/option><option value=\"168\">vile parle<\/option><option value=\"169\">lower parel<\/option><option value=\"170\">lower parel<\/option><option value=\"171\">jogeasheri<\/option><option value=\"172\">bhandup<\/option><option value=\"173\">charnird<\/option><option value=\"174\">satara<\/option><option value=\"175\">borivali<\/option>","Ctrl_Type":3},{"Ctrl_Name":"Country","Ctrl_Value":"<option value=\"0\" > -- Select -- <\/option><option value=\"1\">India<\/option><option value=\"2\">Albania<\/option><option value=\"3\">Algeria<\/option><option value=\"4\">Andorra<\/option><option value=\"5\">Angola<\/option><option value=\"6\">Antigua and Barbuda<\/option><option value=\"7\">Argentina<\/option><option value=\"8\">Armenia<\/option><option value=\"9\">Australia<\/option><option value=\"10\">Austria<\/option><option value=\"11\">Azerbaijan<\/option><option value=\"12\">Bahamas<\/option><option value=\"13\">Bahrain<\/option><option value=\"14\">Bangladesh<\/option><option value=\"15\">Barbados<\/option><option value=\"16\">Belarus<\/option><option value=\"17\">Belgium<\/option><option value=\"18\">Belize<\/option><option value=\"19\">Benin<\/option><option value=\"20\">Bhutan<\/option><option value=\"21\">Bolivia<\/option><option value=\"22\">Bosnia and Herzegovina<\/option><option value=\"23\">Botswana<\/option><option value=\"24\">Brazil<\/option><option value=\"25\">Brunei<\/option><option value=\"26\">Bulgaria<\/option><option value=\"27\">Burkina Faso<\/option><option value=\"28\">Burma<\/option><option value=\"29\">Burundi<\/option><option value=\"30\">Cambodia<\/option><option value=\"31\">Cameroon<\/option><option value=\"32\">Canada<\/option><option value=\"33\">Cape Verde<\/option><option value=\"34\">Central African Republic<\/option><option value=\"35\">Chad<\/option><option value=\"36\">Chile<\/option><option value=\"37\">China<\/option><option value=\"38\">Colombia<\/option><option value=\"39\">Comoros?<\/option><option value=\"40\">Congo<\/option><option value=\"42\">Costa Rica<\/option><option value=\"43\">Cote d'Ivoire<\/option><option value=\"44\">Croatia<\/option><option value=\"45\">Cuba<\/option><option value=\"46\">Cyprus<\/option><option value=\"47\">Czech Republic<\/option><option value=\"48\">Denmark<\/option><option value=\"49\">Djibouti<\/option><option value=\"50\">Dominica<\/option><option value=\"51\">Dominican Republic<\/option><option value=\"52\">East Timor<\/option><option value=\"53\">Ecuador<\/option><option value=\"54\">Egypt<\/option><option value=\"55\">El Salvador<\/option><option value=\"56\">Equatorial Guinea<\/option><option value=\"57\">Eritrea<\/option><option value=\"58\">Estonia<\/option><option value=\"59\">Ethiopia<\/option><option value=\"60\">Fiji<\/option><option value=\"61\">Finland<\/option><option value=\"62\">France<\/option><option value=\"63\">Gabon<\/option><option value=\"64\">Gambia, The<\/option><option value=\"65\">Georgia<\/option><option value=\"66\">Germany<\/option><option value=\"67\">Ghana<\/option><option value=\"68\">Greece<\/option><option value=\"69\">Grenada<\/option><option value=\"70\">Guatemala<\/option><option value=\"71\">Guinea<\/option><option value=\"72\">Guinea-Bissau<\/option><option value=\"73\">Guyana<\/option><option value=\"74\">Haiti<\/option><option value=\"75\">Holy See<\/option><option value=\"76\">Honduras<\/option><option value=\"77\">Hong Kong<\/option><option value=\"78\">Hungary<\/option><option value=\"79\">Iceland<\/option><option value=\"80\">Afghanistan<\/option><option value=\"81\">Indonesia<\/option><option value=\"82\">Iran<\/option><option value=\"83\">Iraq<\/option><option value=\"84\">Ireland<\/option><option value=\"85\">Israel<\/option><option value=\"86\">Italy<\/option><option value=\"87\">Jamaica<\/option><option value=\"88\">Japan<\/option><option value=\"89\">Jordan<\/option><option value=\"90\">Kazakhstan<\/option><option value=\"91\">Kenya<\/option><option value=\"92\">Kiribati<\/option><option value=\"93\">Korea, North<\/option><option value=\"94\">Korea, South<\/option><option value=\"95\">Kosovo<\/option><option value=\"96\">Kuwait<\/option><option value=\"97\">Kyrgyzstan<\/option><option value=\"98\">Laos<\/option><option value=\"99\">Latvia<\/option><option value=\"100\">Lebanon<\/option><option value=\"101\">Lesotho<\/option><option value=\"102\">Liberia<\/option><option value=\"103\">Libya<\/option><option value=\"104\">Liechtenstein<\/option><option value=\"105\">Lithuania<\/option><option value=\"106\">Luxembourg<\/option><option value=\"107\">Macau<\/option><option value=\"108\">Macedonia<\/option><option value=\"109\">Madagascar<\/option><option value=\"110\">Malawi<\/option><option value=\"111\">Malaysia<\/option><option value=\"112\">Maldives<\/option><option value=\"113\">Mali<\/option><option value=\"114\">Malta<\/option><option value=\"115\">Marshall Islands<\/option><option value=\"116\">Mauritania<\/option><option value=\"117\">Mauritius<\/option><option value=\"118\">Mexico<\/option><option value=\"119\">Micronesia<\/option><option value=\"120\">Moldova<\/option><option value=\"121\">Monaco<\/option><option value=\"122\">Mongolia<\/option><option value=\"123\">Montenegro<\/option><option value=\"124\">Morocco<\/option><option value=\"125\">Mozambique<\/option><option value=\"126\">Namibia<\/option><option value=\"127\">Nauru<\/option><option value=\"128\">Nepal<\/option><option value=\"129\">Netherlands<\/option><option value=\"130\">Netherlands Antilles<\/option><option value=\"131\">New Zealand<\/option><option value=\"132\">Nicaragua<\/option><option value=\"133\">Niger<\/option><option value=\"134\">Nigeria<\/option><option value=\"135\">North Korea<\/option><option value=\"136\">Norway<\/option><option value=\"137\">Oman<\/option><option value=\"138\">Pakistan<\/option><option value=\"139\">Palau<\/option><option value=\"140\">Palestinian Territories<\/option><option value=\"141\">Panama<\/option><option value=\"142\">Papua New Guinea<\/option><option value=\"143\">Paraguay<\/option><option value=\"144\">Peru<\/option><option value=\"145\">Philippines<\/option><option value=\"146\">Poland<\/option><option value=\"147\">Portugal<\/option><option value=\"148\">Qatar<\/option><option value=\"149\">Romania<\/option><option value=\"150\">Russia<\/option><option value=\"151\">Rwanda<\/option><option value=\"152\">Saint Kitts and Nevis<\/option><option value=\"153\">Saint Lucia<\/option><option value=\"154\">Saint Vincent<\/option><option value=\"155\">Samoa <\/option><option value=\"156\">San Marino<\/option><option value=\"157\">Sao Tome<\/option><option value=\"158\">Saudi Arabia<\/option><option value=\"159\">Senegal<\/option><option value=\"160\">Serbia<\/option><option value=\"161\">Seychelles<\/option><option value=\"162\">Sierra Leone<\/option><option value=\"163\">Singapore<\/option><option value=\"164\">Slovakia<\/option><option value=\"165\">Slovenia<\/option><option value=\"166\">Solomon Islands<\/option><option value=\"167\">Somalia<\/option><option value=\"168\">South Africa<\/option><option value=\"169\">South Korea<\/option><option value=\"170\">South Sudan<\/option><option value=\"171\">Spain <\/option><option value=\"172\">Sri Lanka<\/option><option value=\"173\">Sudan<\/option><option value=\"174\">Suriname<\/option><option value=\"175\">Swaziland <\/option><option value=\"176\">Sweden<\/option><option value=\"177\">Switzerland<\/option><option value=\"178\">Syria<\/option><option value=\"179\">Taiwan<\/option><option value=\"180\">Tajikistan<\/option><option value=\"181\">Tanzania<\/option><option value=\"182\">Thailand <\/option><option value=\"183\">Timor-Leste<\/option><option value=\"184\">Togo<\/option><option value=\"185\">Tonga<\/option><option value=\"186\">Trinidad and Tobago<\/option><option value=\"187\">Tunisia<\/option><option value=\"188\">Turkey<\/option><option value=\"189\">Turkmenistan<\/option><option value=\"190\">Tuvalu<\/option><option value=\"191\">Uganda<\/option><option value=\"192\">Ukraine<\/option><option value=\"193\">United Arab Emirates<\/option><option value=\"194\">United Kingdom<\/option><option value=\"195\">Uruguay<\/option><option value=\"196\">Uzbekistan<\/option><option value=\"197\">Vanuatu<\/option><option value=\"198\">Venezuela<\/option><option value=\"199\">Vietnam<\/option><option value=\"200\">Yemen<\/option><option value=\"201\">Zambia<\/option><option value=\"202\">Zimbabwe <\/option>","Ctrl_Type":3},{"Ctrl_Name":"State","Ctrl_Value":"<option value=\"0\" > -- Select -- <\/option>","Ctrl_Type":3},{"Ctrl_Name":"State","Ctrl_Value":"disabled","Ctrl_Type":12},{"Ctrl_Name":"City","Ctrl_Value":"<option value=\"0\" > -- Select -- <\/option>","Ctrl_Type":3},{"Ctrl_Name":"City","Ctrl_Value":"disabled","Ctrl_Type":12}]}
30-10-2013 10:10:38 TIME:0.3842 Process:Address-LoadAddress
30-10-2013 10:10:42 DEBUG Processing Request Masters-LoadLocCountry
30-10-2013 10:10:42 DEBUG Processing Request Masters-LoadLocCountry SIZE=2
30-10-2013 10:10:42 DUMP Array
(
    [0] => Masters
    [1] => LoadLocCountry
)

30-10-2013 10:10:42 DEBUG Loading for class Masters
30-10-2013 10:10:42 DEBUG Loading for class EZYController
30-10-2013 10:10:42 DEBUG Loading for class EZYValidate
30-10-2013 10:10:42 DEBUG Loading for class EZYModel
30-10-2013 10:10:42 DEBUG Loading for class EZYQueryBuilder
30-10-2013 10:10:42 DEBUG PROCESS VIEW : Calling ClassMasters
30-10-2013 10:10:42 DEBUG PROCESS VIEW : Calling FunctionLoadLocCountry
30-10-2013 10:10:42 DEBUG Loading for class EZYDBO
30-10-2013 10:10:42 DEBUG {"UpdateCtrls":[{"Ctrl_Name":"LCountry","Ctrl_Value":"<option value=\"0\" > -- Select -- <\/option><option value=\"1\">India<\/option><option value=\"2\">Albania<\/option><option value=\"3\">Algeria<\/option><option value=\"4\">Andorra<\/option><option value=\"5\">Angola<\/option><option value=\"6\">Antigua and Barbuda<\/option><option value=\"7\">Argentina<\/option><option value=\"8\">Armenia<\/option><option value=\"9\">Australia<\/option><option value=\"10\">Austria<\/option><option value=\"11\">Azerbaijan<\/option><option value=\"12\">Bahamas<\/option><option value=\"13\">Bahrain<\/option><option value=\"14\">Bangladesh<\/option><option value=\"15\">Barbados<\/option><option value=\"16\">Belarus<\/option><option value=\"17\">Belgium<\/option><option value=\"18\">Belize<\/option><option value=\"19\">Benin<\/option><option value=\"20\">Bhutan<\/option><option value=\"21\">Bolivia<\/option><option value=\"22\">Bosnia and Herzegovina<\/option><option value=\"23\">Botswana<\/option><option value=\"24\">Brazil<\/option><option value=\"25\">Brunei<\/option><option value=\"26\">Bulgaria<\/option><option value=\"27\">Burkina Faso<\/option><option value=\"28\">Burma<\/option><option value=\"29\">Burundi<\/option><option value=\"30\">Cambodia<\/option><option value=\"31\">Cameroon<\/option><option value=\"32\">Canada<\/option><option value=\"33\">Cape Verde<\/option><option value=\"34\">Central African Republic<\/option><option value=\"35\">Chad<\/option><option value=\"36\">Chile<\/option><option value=\"37\">China<\/option><option value=\"38\">Colombia<\/option><option value=\"39\">Comoros?<\/option><option value=\"40\">Congo<\/option><option value=\"42\">Costa Rica<\/option><option value=\"43\">Cote d'Ivoire<\/option><option value=\"44\">Croatia<\/option><option value=\"45\">Cuba<\/option><option value=\"46\">Cyprus<\/option><option value=\"47\">Czech Republic<\/option><option value=\"48\">Denmark<\/option><option value=\"49\">Djibouti<\/option><option value=\"50\">Dominica<\/option><option value=\"51\">Dominican Republic<\/option><option value=\"52\">East Timor<\/option><option value=\"53\">Ecuador<\/option><option value=\"54\">Egypt<\/option><option value=\"55\">El Salvador<\/option><option value=\"56\">Equatorial Guinea<\/option><option value=\"57\">Eritrea<\/option><option value=\"58\">Estonia<\/option><option value=\"59\">Ethiopia<\/option><option value=\"60\">Fiji<\/option><option value=\"61\">Finland<\/option><option value=\"62\">France<\/option><option value=\"63\">Gabon<\/option><option value=\"64\">Gambia, The<\/option><option value=\"65\">Georgia<\/option><option value=\"66\">Germany<\/option><option value=\"67\">Ghana<\/option><option value=\"68\">Greece<\/option><option value=\"69\">Grenada<\/option><option value=\"70\">Guatemala<\/option><option value=\"71\">Guinea<\/option><option value=\"72\">Guinea-Bissau<\/option><option value=\"73\">Guyana<\/option><option value=\"74\">Haiti<\/option><option value=\"75\">Holy See<\/option><option value=\"76\">Honduras<\/option><option value=\"77\">Hong Kong<\/option><option value=\"78\">Hungary<\/option><option value=\"79\">Iceland<\/option><option value=\"80\">Afghanistan<\/option><option value=\"81\">Indonesia<\/option><option value=\"82\">Iran<\/option><option value=\"83\">Iraq<\/option><option value=\"84\">Ireland<\/option><option value=\"85\">Israel<\/option><option value=\"86\">Italy<\/option><option value=\"87\">Jamaica<\/option><option value=\"88\">Japan<\/option><option value=\"89\">Jordan<\/option><option value=\"90\">Kazakhstan<\/option><option value=\"91\">Kenya<\/option><option value=\"92\">Kiribati<\/option><option value=\"93\">Korea, North<\/option><option value=\"94\">Korea, South<\/option><option value=\"95\">Kosovo<\/option><option value=\"96\">Kuwait<\/option><option value=\"97\">Kyrgyzstan<\/option><option value=\"98\">Laos<\/option><option value=\"99\">Latvia<\/option><option value=\"100\">Lebanon<\/option><option value=\"101\">Lesotho<\/option><option value=\"102\">Liberia<\/option><option value=\"103\">Libya<\/option><option value=\"104\">Liechtenstein<\/option><option value=\"105\">Lithuania<\/option><option value=\"106\">Luxembourg<\/option><option value=\"107\">Macau<\/option><option value=\"108\">Macedonia<\/option><option value=\"109\">Madagascar<\/option><option value=\"110\">Malawi<\/option><option value=\"111\">Malaysia<\/option><option value=\"112\">Maldives<\/option><option value=\"113\">Mali<\/option><option value=\"114\">Malta<\/option><option value=\"115\">Marshall Islands<\/option><option value=\"116\">Mauritania<\/option><option value=\"117\">Mauritius<\/option><option value=\"118\">Mexico<\/option><option value=\"119\">Micronesia<\/option><option value=\"120\">Moldova<\/option><option value=\"121\">Monaco<\/option><option value=\"122\">Mongolia<\/option><option value=\"123\">Montenegro<\/option><option value=\"124\">Morocco<\/option><option value=\"125\">Mozambique<\/option><option value=\"126\">Namibia<\/option><option value=\"127\">Nauru<\/option><option value=\"128\">Nepal<\/option><option value=\"129\">Netherlands<\/option><option value=\"130\">Netherlands Antilles<\/option><option value=\"131\">New Zealand<\/option><option value=\"132\">Nicaragua<\/option><option value=\"133\">Niger<\/option><option value=\"134\">Nigeria<\/option><option value=\"135\">North Korea<\/option><option value=\"136\">Norway<\/option><option value=\"137\">Oman<\/option><option value=\"138\">Pakistan<\/option><option value=\"139\">Palau<\/option><option value=\"140\">Palestinian Territories<\/option><option value=\"141\">Panama<\/option><option value=\"142\">Papua New Guinea<\/option><option value=\"143\">Paraguay<\/option><option value=\"144\">Peru<\/option><option value=\"145\">Philippines<\/option><option value=\"146\">Poland<\/option><option value=\"147\">Portugal<\/option><option value=\"148\">Qatar<\/option><option value=\"149\">Romania<\/option><option value=\"150\">Russia<\/option><option value=\"151\">Rwanda<\/option><option value=\"152\">Saint Kitts and Nevis<\/option><option value=\"153\">Saint Lucia<\/option><option value=\"154\">Saint Vincent<\/option><option value=\"155\">Samoa <\/option><option value=\"156\">San Marino<\/option><option value=\"157\">Sao Tome<\/option><option value=\"158\">Saudi Arabia<\/option><option value=\"159\">Senegal<\/option><option value=\"160\">Serbia<\/option><option value=\"161\">Seychelles<\/option><option value=\"162\">Sierra Leone<\/option><option value=\"163\">Singapore<\/option><option value=\"164\">Slovakia<\/option><option value=\"165\">Slovenia<\/option><option value=\"166\">Solomon Islands<\/option><option value=\"167\">Somalia<\/option><option value=\"168\">South Africa<\/option><option value=\"169\">South Korea<\/option><option value=\"170\">South Sudan<\/option><option value=\"171\">Spain <\/option><option value=\"172\">Sri Lanka<\/option><option value=\"173\">Sudan<\/option><option value=\"174\">Suriname<\/option><option value=\"175\">Swaziland <\/option><option value=\"176\">Sweden<\/option><option value=\"177\">Switzerland<\/option><option value=\"178\">Syria<\/option><option value=\"179\">Taiwan<\/option><option value=\"180\">Tajikistan<\/option><option value=\"181\">Tanzania<\/option><option value=\"182\">Thailand <\/option><option value=\"183\">Timor-Leste<\/option><option value=\"184\">Togo<\/option><option value=\"185\">Tonga<\/option><option value=\"186\">Trinidad and Tobago<\/option><option value=\"187\">Tunisia<\/option><option value=\"188\">Turkey<\/option><option value=\"189\">Turkmenistan<\/option><option value=\"190\">Tuvalu<\/option><option value=\"191\">Uganda<\/option><option value=\"192\">Ukraine<\/option><option value=\"193\">United Arab Emirates<\/option><option value=\"194\">United Kingdom<\/option><option value=\"195\">Uruguay<\/option><option value=\"196\">Uzbekistan<\/option><option value=\"197\">Vanuatu<\/option><option value=\"198\">Venezuela<\/option><option value=\"199\">Vietnam<\/option><option value=\"200\">Yemen<\/option><option value=\"201\">Zambia<\/option><option value=\"202\">Zimbabwe <\/option>","Ctrl_Type":3},{"Ctrl_Name":"LocationName","Ctrl_Value":"disabled","Ctrl_Type":12},{"Ctrl_Name":"LState","Ctrl_Value":"<option value=\"0\" > -- Select -- <\/option>","Ctrl_Type":3},{"Ctrl_Name":"LState","Ctrl_Value":"disabled","Ctrl_Type":12},{"Ctrl_Name":"LCity","Ctrl_Value":"<option value=\"0\" > -- Select -- <\/option>","Ctrl_Type":3},{"Ctrl_Name":"LCity","Ctrl_Value":"disabled","Ctrl_Type":12}]}
30-10-2013 10:10:42 TIME:0.0215 Process:Masters-LoadLocCountry
30-10-2013 10:10:46 DEBUG Processing Request Masters-LoadLocState
30-10-2013 10:10:46 DEBUG Processing Request Masters-LoadLocState SIZE=2
30-10-2013 10:10:46 DUMP Array
(
    [0] => Masters
    [1] => LoadLocState
)

30-10-2013 10:10:46 DEBUG Loading for class Masters
30-10-2013 10:10:46 DEBUG Loading for class EZYController
30-10-2013 10:10:46 DEBUG Loading for class EZYValidate
30-10-2013 10:10:46 DEBUG Loading for class EZYModel
30-10-2013 10:10:46 DEBUG Loading for class EZYQueryBuilder
30-10-2013 10:10:46 DEBUG PROCESS VIEW : Calling ClassMasters
30-10-2013 10:10:46 DEBUG PROCESS VIEW : Calling FunctionLoadLocState
30-10-2013 10:10:46 DEBUG Loading for class EZYDBO
30-10-2013 10:10:46 DEBUG {"UpdateCtrls":[{"Ctrl_Name":"SCountry","Ctrl_Value":"<option value=\"0\" > -- Select -- <\/option><option value=\"1\">India<\/option><option value=\"2\">Albania<\/option><option value=\"3\">Algeria<\/option><option value=\"4\">Andorra<\/option><option value=\"5\">Angola<\/option><option value=\"6\">Antigua and Barbuda<\/option><option value=\"7\">Argentina<\/option><option value=\"8\">Armenia<\/option><option value=\"9\">Australia<\/option><option value=\"10\">Austria<\/option><option value=\"11\">Azerbaijan<\/option><option value=\"12\">Bahamas<\/option><option value=\"13\">Bahrain<\/option><option value=\"14\">Bangladesh<\/option><option value=\"15\">Barbados<\/option><option value=\"16\">Belarus<\/option><option value=\"17\">Belgium<\/option><option value=\"18\">Belize<\/option><option value=\"19\">Benin<\/option><option value=\"20\">Bhutan<\/option><option value=\"21\">Bolivia<\/option><option value=\"22\">Bosnia and Herzegovina<\/option><option value=\"23\">Botswana<\/option><option value=\"24\">Brazil<\/option><option value=\"25\">Brunei<\/option><option value=\"26\">Bulgaria<\/option><option value=\"27\">Burkina Faso<\/option><option value=\"28\">Burma<\/option><option value=\"29\">Burundi<\/option><option value=\"30\">Cambodia<\/option><option value=\"31\">Cameroon<\/option><option value=\"32\">Canada<\/option><option value=\"33\">Cape Verde<\/option><option value=\"34\">Central African Republic<\/option><option value=\"35\">Chad<\/option><option value=\"36\">Chile<\/option><option value=\"37\">China<\/option><option value=\"38\">Colombia<\/option><option value=\"39\">Comoros?<\/option><option value=\"40\">Congo<\/option><option value=\"42\">Costa Rica<\/option><option value=\"43\">Cote d'Ivoire<\/option><option value=\"44\">Croatia<\/option><option value=\"45\">Cuba<\/option><option value=\"46\">Cyprus<\/option><option value=\"47\">Czech Republic<\/option><option value=\"48\">Denmark<\/option><option value=\"49\">Djibouti<\/option><option value=\"50\">Dominica<\/option><option value=\"51\">Dominican Republic<\/option><option value=\"52\">East Timor<\/option><option value=\"53\">Ecuador<\/option><option value=\"54\">Egypt<\/option><option value=\"55\">El Salvador<\/option><option value=\"56\">Equatorial Guinea<\/option><option value=\"57\">Eritrea<\/option><option value=\"58\">Estonia<\/option><option value=\"59\">Ethiopia<\/option><option value=\"60\">Fiji<\/option><option value=\"61\">Finland<\/option><option value=\"62\">France<\/option><option value=\"63\">Gabon<\/option><option value=\"64\">Gambia, The<\/option><option value=\"65\">Georgia<\/option><option value=\"66\">Germany<\/option><option value=\"67\">Ghana<\/option><option value=\"68\">Greece<\/option><option value=\"69\">Grenada<\/option><option value=\"70\">Guatemala<\/option><option value=\"71\">Guinea<\/option><option value=\"72\">Guinea-Bissau<\/option><option value=\"73\">Guyana<\/option><option value=\"74\">Haiti<\/option><option value=\"75\">Holy See<\/option><option value=\"76\">Honduras<\/option><option value=\"77\">Hong Kong<\/option><option value=\"78\">Hungary<\/option><option value=\"79\">Iceland<\/option><option value=\"80\">Afghanistan<\/option><option value=\"81\">Indonesia<\/option><option value=\"82\">Iran<\/option><option value=\"83\">Iraq<\/option><option value=\"84\">Ireland<\/option><option value=\"85\">Israel<\/option><option value=\"86\">Italy<\/option><option value=\"87\">Jamaica<\/option><option value=\"88\">Japan<\/option><option value=\"89\">Jordan<\/option><option value=\"90\">Kazakhstan<\/option><option value=\"91\">Kenya<\/option><option value=\"92\">Kiribati<\/option><option value=\"93\">Korea, North<\/option><option value=\"94\">Korea, South<\/option><option value=\"95\">Kosovo<\/option><option value=\"96\">Kuwait<\/option><option value=\"97\">Kyrgyzstan<\/option><option value=\"98\">Laos<\/option><option value=\"99\">Latvia<\/option><option value=\"100\">Lebanon<\/option><option value=\"101\">Lesotho<\/option><option value=\"102\">Liberia<\/option><option value=\"103\">Libya<\/option><option value=\"104\">Liechtenstein<\/option><option value=\"105\">Lithuania<\/option><option value=\"106\">Luxembourg<\/option><option value=\"107\">Macau<\/option><option value=\"108\">Macedonia<\/option><option value=\"109\">Madagascar<\/option><option value=\"110\">Malawi<\/option><option value=\"111\">Malaysia<\/option><option value=\"112\">Maldives<\/option><option value=\"113\">Mali<\/option><option value=\"114\">Malta<\/option><option value=\"115\">Marshall Islands<\/option><option value=\"116\">Mauritania<\/option><option value=\"117\">Mauritius<\/option><option value=\"118\">Mexico<\/option><option value=\"119\">Micronesia<\/option><option value=\"120\">Moldova<\/option><option value=\"121\">Monaco<\/option><option value=\"122\">Mongolia<\/option><option value=\"123\">Montenegro<\/option><option value=\"124\">Morocco<\/option><option value=\"125\">Mozambique<\/option><option value=\"126\">Namibia<\/option><option value=\"127\">Nauru<\/option><option value=\"128\">Nepal<\/option><option value=\"129\">Netherlands<\/option><option value=\"130\">Netherlands Antilles<\/option><option value=\"131\">New Zealand<\/option><option value=\"132\">Nicaragua<\/option><option value=\"133\">Niger<\/option><option value=\"134\">Nigeria<\/option><option value=\"135\">North Korea<\/option><option value=\"136\">Norway<\/option><option value=\"137\">Oman<\/option><option value=\"138\">Pakistan<\/option><option value=\"139\">Palau<\/option><option value=\"140\">Palestinian Territories<\/option><option value=\"141\">Panama<\/option><option value=\"142\">Papua New Guinea<\/option><option value=\"143\">Paraguay<\/option><option value=\"144\">Peru<\/option><option value=\"145\">Philippines<\/option><option value=\"146\">Poland<\/option><option value=\"147\">Portugal<\/option><option value=\"148\">Qatar<\/option><option value=\"149\">Romania<\/option><option value=\"150\">Russia<\/option><option value=\"151\">Rwanda<\/option><option value=\"152\">Saint Kitts and Nevis<\/option><option value=\"153\">Saint Lucia<\/option><option value=\"154\">Saint Vincent<\/option><option value=\"155\">Samoa <\/option><option value=\"156\">San Marino<\/option><option value=\"157\">Sao Tome<\/option><option value=\"158\">Saudi Arabia<\/option><option value=\"159\">Senegal<\/option><option value=\"160\">Serbia<\/option><option value=\"161\">Seychelles<\/option><option value=\"162\">Sierra Leone<\/option><option value=\"163\">Singapore<\/option><option value=\"164\">Slovakia<\/option><option value=\"165\">Slovenia<\/option><option value=\"166\">Solomon Islands<\/option><option value=\"167\">Somalia<\/option><option value=\"168\">South Africa<\/option><option value=\"169\">South Korea<\/option><option value=\"170\">South Sudan<\/option><option value=\"171\">Spain <\/option><option value=\"172\">Sri Lanka<\/option><option value=\"173\">Sudan<\/option><option value=\"174\">Suriname<\/option><option value=\"175\">Swaziland <\/option><option value=\"176\">Sweden<\/option><option value=\"177\">Switzerland<\/option><option value=\"178\">Syria<\/option><option value=\"179\">Taiwan<\/option><option value=\"180\">Tajikistan<\/option><option value=\"181\">Tanzania<\/option><option value=\"182\">Thailand <\/option><option value=\"183\">Timor-Leste<\/option><option value=\"184\">Togo<\/option><option value=\"185\">Tonga<\/option><option value=\"186\">Trinidad and Tobago<\/option><option value=\"187\">Tunisia<\/option><option value=\"188\">Turkey<\/option><option value=\"189\">Turkmenistan<\/option><option value=\"190\">Tuvalu<\/option><option value=\"191\">Uganda<\/option><option value=\"192\">Ukraine<\/option><option value=\"193\">United Arab Emirates<\/option><option value=\"194\">United Kingdom<\/option><option value=\"195\">Uruguay<\/option><option value=\"196\">Uzbekistan<\/option><option value=\"197\">Vanuatu<\/option><option value=\"198\">Venezuela<\/option><option value=\"199\">Vietnam<\/option><option value=\"200\">Yemen<\/option><option value=\"201\">Zambia<\/option><option value=\"202\">Zimbabwe <\/option>","Ctrl_Type":3}]}
30-10-2013 10:10:46 TIME:0.0367 Process:Masters-LoadLocState
